<?xml version="1.0" encoding="UTF-8"?>
<!-- Generated by org.testng.reporters.JUnitReportReporter -->
<testsuite hostname="Paul" name="common.ForceTest" tests="3" failures="0" timestamp="19 Oct 2013 14:09:41 GMT" time="0.011" errors="0">
  <testcase name="over_someValues_computesCorrectResult" time="0.000" classname="common.ForceTest"/>
  <testcase name="over_someValues_computesCorrectResult" time="0.010" classname="common.ForceTest"/>
  <testcase name="over_someValues_computesCorrectResult" time="0.001" classname="common.ForceTest"/>
</testsuite> <!-- common.ForceTest -->
