<?xml version="1.0" encoding="UTF-8"?>
<!-- Generated by org.testng.reporters.JUnitReportReporter -->
<testsuite hostname="Paul" name="common.VelocityTest" tests="10" failures="0" timestamp="27 Oct 2013 14:31:15 GMT" time="0.016" errors="0">
  <testcase name="add_variousValues_returnCorrectSum" time="0.001" classname="common.VelocityTest"/>
  <testcase name="add_variousValues_returnCorrectSum" time="0.001" classname="common.VelocityTest"/>
  <testcase name="add_variousValues_returnCorrectSum" time="0.001" classname="common.VelocityTest"/>
  <testcase name="add_variousValues_returnCorrectSum" time="0.000" classname="common.VelocityTest"/>
  <testcase name="add_variousValues_returnCorrectSum" time="0.001" classname="common.VelocityTest"/>
  <testcase name="add_variousValues_returnCorrectSum" time="0.000" classname="common.VelocityTest"/>
  <testcase name="add_variousValues_returnCorrectSum" time="0.009" classname="common.VelocityTest"/>
  <testcase name="add_variousValues_returnCorrectSum" time="0.001" classname="common.VelocityTest"/>
  <testcase name="add_variousValues_returnCorrectSum" time="0.001" classname="common.VelocityTest"/>
  <testcase name="add_variousValues_returnCorrectSum" time="0.001" classname="common.VelocityTest"/>
</testsuite> <!-- common.VelocityTest -->
