<?xml version="1.0" encoding="UTF-8"?>
<!-- Generated by org.testng.reporters.JUnitReportReporter -->
<testsuite hostname="Paul" name="common.PositionTest" tests="10" failures="0" timestamp="27 Oct 2013 14:19:11 GMT" time="0.017" errors="0">
  <testcase name="add_givenValues_returnsCorrectPosition" time="0.001" classname="common.PositionTest"/>
  <testcase name="add_givenValues_returnsCorrectPosition" time="0.000" classname="common.PositionTest"/>
  <testcase name="add_givenValues_returnsCorrectPosition" time="0.000" classname="common.PositionTest"/>
  <testcase name="add_givenValues_returnsCorrectPosition" time="0.001" classname="common.PositionTest"/>
  <testcase name="add_givenValues_returnsCorrectPosition" time="0.001" classname="common.PositionTest"/>
  <testcase name="add_givenValues_returnsCorrectPosition" time="0.001" classname="common.PositionTest"/>
  <testcase name="add_givenValues_returnsCorrectPosition" time="0.010" classname="common.PositionTest"/>
  <testcase name="add_givenValues_returnsCorrectPosition" time="0.001" classname="common.PositionTest"/>
  <testcase name="add_givenValues_returnsCorrectPosition" time="0.001" classname="common.PositionTest"/>
  <testcase name="add_givenValues_returnsCorrectPosition" time="0.001" classname="common.PositionTest"/>
</testsuite> <!-- common.PositionTest -->
